00:21:06: XMLMeshSerializer reading mesh data from F:\Programi\Igre\Pacific Storm\Mods\For Workshop\Imperial Japanese Navy\CV Kaga\mesh\Kaga_Katarka_Lod1.mesh.xml...
00:21:06: Reading submeshes...
00:21:06: Reading geometry...
00:21:06: Geometry done...
00:21:06: Reading geometry...
00:21:06: Geometry done...
00:21:06: Reading geometry...
00:21:06: Geometry done...
00:21:06: Reading geometry...
00:21:06: Geometry done...
00:21:06: Submeshes done.
00:21:06: XMLMeshSerializer import successful.
00:21:06: MeshSerializer writing mesh data to F:\Programi\Igre\Pacific Storm\Mods\For Workshop\Imperial Japanese Navy\CV Kaga\mesh\Kaga_Katarka_Lod1.mesh...
00:21:06: File header written.
00:21:06: Writing mesh data...
00:21:06: Writing submesh...
00:21:06: Submesh exported.
00:21:06: Writing submesh...
00:21:06: Submesh exported.
00:21:06: Writing submesh...
00:21:06: Submesh exported.
00:21:06: Writing submesh...
00:21:06: Submesh exported.
00:21:06: Exporting bounds information....
00:21:06: Bounds information exported.
00:21:06: Mesh data exported.
00:21:06: MeshSerializer export successful.
